<?xml version="1.0" encoding="UTF-8"?>
<!-- Generated by org.testng.reporters.JUnitXMLReporter -->
<testsuite ignored="0" hostname="DESKTOP-N0URPFF" failures="1" tests="2" name="Test" time="10.75" errors="0" timestamp="2023-06-22T17:48:52 IST">
  <testcase classname="com.it.allurereport.AllureReport" name="closeapp" time="0.018">
    <failure type="java.lang.NullPointerException" message="Cannot invoke &amp;quot;org.openqa.selenium.WebDriver.close()&amp;quot; because &amp;quot;this.driver&amp;quot; is null">
      <![CDATA[java.lang.NullPointerException: Cannot invoke "org.openqa.selenium.WebDriver.close()" because "this.driver" is null
at com.it.allurereport.AllureReport.closeapp(AllureReport.java:32)
at java.base/java.util.ArrayList.forEach(ArrayList.java:1511)
... Removed 27 stack frames]]>
    </failure>
  </testcase> <!-- closeapp -->
  <testcase classname="com.it.allurereport.AllureReport" name="pageLogin" time="10.61"/>
</testsuite> <!-- Test -->
